<?xml version="1.0" encoding="UTF-8"?>
<!-- Generated by org.testng.reporters.JUnitReportReporter -->
<testsuite hostname="LAPTOP-OB53OND9" failures="0" tests="2" name="LamdaTestDemo.parallelLogin" time="17.205" errors="0" timestamp="2024-06-15T20:39:40 IST" skipped="0">
  <testcase classname="LamdaTestDemo.parallelLogin" name="Login" time="10.514"/>
  <testcase classname="LamdaTestDemo.parallelLogin" name="Login" time="6.691"/>
</testsuite> <!-- LamdaTestDemo.parallelLogin -->
