<?xml version="1.0" encoding="UTF-8"?>
<!-- Generated by org.testng.reporters.JUnitReportReporter -->
<testsuite hostname="LAPTOP-OB53OND9" failures="0" tests="1" name="LamdaTestDemo.Login" time="7.856" errors="0" timestamp="2024-06-15T18:06:02 IST" skipped="0">
  <testcase classname="LamdaTestDemo.Login" name="logintest" time="7.856"/>
</testsuite> <!-- LamdaTestDemo.Login -->
